[ 2017-07-23T16:46:56+08:00 ] 127.0.0.1 /excel/
INFO: [ app_init ] --START--
INFO: Run Behavior\BuildLiteBehavior [ RunTime:0.000017s ]
INFO: [ app_init ] --END-- [ RunTime:0.002179s ]
INFO: [ app_begin ] --START--
INFO: Run Behavior\ReadHtmlCacheBehavior [ RunTime:0.011551s ]
INFO: [ app_begin ] --END-- [ RunTime:0.011635s ]
INFO: [ view_parse ] --START--
INFO: [ template_filter ] --START--
INFO: Run Behavior\ContentReplaceBehavior [ RunTime:0.000030s ]
INFO: [ template_filter ] --END-- [ RunTime:0.000080s ]
INFO: Run Behavior\ParseTemplateBehavior [ RunTime:0.022633s ]
INFO: [ view_parse ] --END-- [ RunTime:0.022678s ]
INFO: [ view_filter ] --START--
INFO: Run Behavior\WriteHtmlCacheBehavior [ RunTime:0.000536s ]
INFO: [ view_filter ] --END-- [ RunTime:0.000567s ]
INFO: [ app_end ] --START--
INFO: Run Behavior\ShowPageTraceBehavior [ RunTime:0.001020s ]
INFO: [ app_end ] --END-- [ RunTime:0.001060s ]

[ 2017-07-23T16:52:11+08:00 ] 127.0.0.1 /excel/index.php/Home/Index/upload.html
INFO: [ app_init ] --START--
INFO: Run Behavior\BuildLiteBehavior [ RunTime:0.000012s ]
INFO: [ app_init ] --END-- [ RunTime:0.000402s ]
INFO: [ app_begin ] --START--
INFO: Run Behavior\ReadHtmlCacheBehavior [ RunTime:0.000599s ]
INFO: [ app_begin ] --END-- [ RunTime:0.000641s ]
NOTIC: [2] call_user_func() expects parameter 1 to be a valid callback, no array or string given H:\phpStudy\WWW\Web2\Excel\ThinkPHP\Library\Think\Upload.class.php 第 170 行.
SQL: truncate table pro_info [ RunTime:0.0121s ]
SQL: INSERT INTO `pro_info` (`pId`,`pName`,`pPrice`,`pCount`) VALUES ('11','AA','5555','11') [ RunTime:0.0135s ]
SQL: INSERT INTO `pro_info` (`pId`,`pName`,`pPrice`,`pCount`) VALUES ('22','BB','6666','12') [ RunTime:0.0002s ]
SQL: INSERT INTO `pro_info` (`pId`,`pName`,`pPrice`,`pCount`) VALUES ('33','CC','7777','14') [ RunTime:0.0002s ]
SQL: INSERT INTO `pro_info` (`pId`,`pName`,`pPrice`,`pCount`) VALUES ('44','DD','8888','23') [ RunTime:0.0002s ]
INFO: [ view_parse ] --START--
INFO: [ template_filter ] --START--
INFO: Run Behavior\ContentReplaceBehavior [ RunTime:0.000036s ]
INFO: [ template_filter ] --END-- [ RunTime:0.000091s ]
INFO: Run Behavior\ParseTemplateBehavior [ RunTime:0.024351s ]
INFO: [ view_parse ] --END-- [ RunTime:0.024394s ]
INFO: [ view_filter ] --START--
INFO: Run Behavior\WriteHtmlCacheBehavior [ RunTime:0.000552s ]
INFO: [ view_filter ] --END-- [ RunTime:0.000582s ]
INFO: [ app_end ] --START--
INFO: Run Behavior\ShowPageTraceBehavior [ RunTime:0.000739s ]
INFO: [ app_end ] --END-- [ RunTime:0.000775s ]

[ 2017-07-23T16:52:12+08:00 ] 127.0.0.1 /excel/
INFO: [ app_init ] --START--
INFO: Run Behavior\BuildLiteBehavior [ RunTime:0.000013s ]
INFO: [ app_init ] --END-- [ RunTime:0.000928s ]
INFO: [ app_begin ] --START--
INFO: Run Behavior\ReadHtmlCacheBehavior [ RunTime:0.001515s ]
INFO: [ app_begin ] --END-- [ RunTime:0.001611s ]
INFO: [ view_parse ] --START--
INFO: [ template_filter ] --START--
INFO: Run Behavior\ContentReplaceBehavior [ RunTime:0.000026s ]
INFO: [ template_filter ] --END-- [ RunTime:0.000068s ]
INFO: Run Behavior\ParseTemplateBehavior [ RunTime:0.008111s ]
INFO: [ view_parse ] --END-- [ RunTime:0.008183s ]
INFO: [ view_filter ] --START--
INFO: Run Behavior\WriteHtmlCacheBehavior [ RunTime:0.000531s ]
INFO: [ view_filter ] --END-- [ RunTime:0.000561s ]
INFO: [ app_end ] --START--
INFO: Run Behavior\ShowPageTraceBehavior [ RunTime:0.000783s ]
INFO: [ app_end ] --END-- [ RunTime:0.000817s ]

